[15:14:48.426][info] [#0:/Users/en/.local/share/nvim/mason/packages/lua-language-server/libexec/main.lua:68]: Lua Lsp startup, root: 	/Users/en/.local/share/nvim/mason/packages/lua-language-server/libexec
[15:14:48.427][info] [#0:/Users/en/.local/share/nvim/mason/packages/lua-language-server/libexec/main.lua:69]: ROOT:	/Users/en/.local/share/nvim/mason/packages/lua-language-server/libexec
[15:14:48.427][info] [#0:/Users/en/.local/share/nvim/mason/packages/lua-language-server/libexec/main.lua:70]: LOGPATH:	/Users/en/.local/share/nvim/mason/packages/lua-language-server/libexec/log
[15:14:48.427][info] [#0:/Users/en/.local/share/nvim/mason/packages/lua-language-server/libexec/main.lua:71]: METAPATH:	/Users/en/.local/share/nvim/mason/packages/lua-language-server/libexec/meta
[15:14:48.427][info] [#0:/Users/en/.local/share/nvim/mason/packages/lua-language-server/libexec/main.lua:72]: VERSION:	3.10.5
[15:14:48.454][info] [#0:script/proto/proto.lua:260]: Listen Mode: stdio
[15:14:48.454][info] [#0:script/service/service.lua:146]: 
========= Medical Examination Report =========
    --------------- Memory ---------------
        Total: 2.226 MB
        # 00 : 2.226 MB
        # 01 : 0.000 MB
        # 02 : 0.000 MB
        # 03 : 0.000 MB
        # 04 : 0.000 MB
    --------------- Coroutine ---------------
        Total:     0
        Running:   0
        Suspended: 0
        Normal:    0
        Dead:      0
    --------------- Cache ---------------
        Total: 1
        Dead:  0
    ---------------  RPC  ---------------
        Holdon:   0
        Waiting:  0
==============================================
[15:14:48.559][info] [#0:script/client.lua:657]: Client init	{
  capabilities = {
    general = {
      positionEncodings = { "utf-16" }
    },
    textDocument = {
      callHierarchy = {
        dynamicRegistration = false
      },
      codeAction = {
        codeActionLiteralSupport = {
          codeActionKind = {
            valueSet = { "", "quickfix", "refactor", "refactor.extract", "refactor.inline", "refactor.rewrite", "source", "source.organizeImports" }
          }
        },
        dataSupport = true,
        dynamicRegistration = true,
        isPreferredSupport = true,
        resolveSupport = {
          properties = { "edit" }
        }
      },
      completion = {
        completionItem = {
          commitCharactersSupport = true,
          deprecatedSupport = true,
          documentationFormat = { "markdown", "plaintext" },
          insertReplaceSupport = true,
          insertTextModeSupport = {
            valueSet = { 1, 2 }
          },
          labelDetailsSupport = true,
          preselectSupport = true,
          resolveSupport = {
            properties = { "documentation", "detail", "additionalTextEdits", "sortText", "filterText", "insertText", "textEdit", "insertTextFormat", "insertTextMode" }
          },
          snippetSupport = true,
          tagSupport = {
            valueSet = { 1 }
          }
        },
        completionItemKind = {
          valueSet = { 1, 2, 3, 4, 5, 6, 7, 8, 9, 10, 11, 12, 13, 14, 15, 16, 17, 18, 19, 20, 21, 22, 23, 24, 25 }
        },
        completionList = {
          itemDefaults = { "commitCharacters", "editRange", "insertTextFormat", "insertTextMode", "data" }
        },
        contextSupport = true,
        dynamicRegistration = false,
        insertTextMode = 1
      },
      declaration = {
        linkSupport = true
      },
      definition = {
        dynamicRegistration = true,
        linkSupport = true
      },
      diagnostic = {
        dynamicRegistration = false
      },
      documentHighlight = {
        dynamicRegistration = false
      },
      documentSymbol = {
        dynamicRegistration = false,
        hierarchicalDocumentSymbolSupport = true,
        symbolKind = {
          valueSet = { 1, 2, 3, 4, 5, 6, 7, 8, 9, 10, 11, 12, 13, 14, 15, 16, 17, 18, 19, 20, 21, 22, 23, 24, 25, 26 }
        }
      },
      formatting = {
        dynamicRegistration = true
      },
      hover = {
        contentFormat = { "markdown", "plaintext" },
        dynamicRegistration = true
      },
      implementation = {
        linkSupport = true
      },
      inlayHint = {
        dynamicRegistration = true,
        resolveSupport = {
          properties = { "textEdits", "tooltip", "location", "command" }
        }
      },
      publishDiagnostics = {
        dataSupport = true,
        relatedInformation = true,
        tagSupport = {
          valueSet = { 1, 2 }
        }
      },
      rangeFormatting = {
        dynamicRegistration = true
      },
      references = {
        dynamicRegistration = false
      },
      rename = {
        dynamicRegistration = true,
        prepareSupport = true
      },
      semanticTokens = {
        augmentsSyntaxTokens = true,
        dynamicRegistration = false,
        formats = { "relative" },
        multilineTokenSupport = false,
        overlappingTokenSupport = true,
        requests = {
          full = {
            delta = true
          },
          range = false
        },
        serverCancelSupport = false,
        tokenModifiers = { "declaration", "definition", "readonly", "static", "deprecated", "abstract", "async", "modification", "documentation", "defaultLibrary" },
        tokenTypes = { "namespace", "type", "class", "enum", "interface", "struct", "typeParameter", "parameter", "variable", "property", "enumMember", "event", "function", "method", "macro", "keyword", "modifier", "comment", "string", "number", "regexp", "operator", "decorator" }
      },
      signatureHelp = {
        dynamicRegistration = false,
        signatureInformation = {
          activeParameterSupport = true,
          documentationFormat = { "markdown", "plaintext" },
          parameterInformation = {
            labelOffsetSupport = true
          }
        }
      },
      synchronization = {
        didSave = true,
        dynamicRegistration = false,
        willSave = true,
        willSaveWaitUntil = true
      },
      typeDefinition = {
        linkSupport = true
      }
    },
    window = {
      showDocument = {
        support = true
      },
      showMessage = {
        messageActionItem = {
          additionalPropertiesSupport = false
        }
      },
      workDoneProgress = true
    },
    workspace = {
      applyEdit = true,
      configuration = true,
      didChangeConfiguration = {
        dynamicRegistration = false
      },
      didChangeWatchedFiles = {
        dynamicRegistration = true,
        relativePatternSupport = true
      },
      inlayHint = {
        refreshSupport = true
      },
      semanticTokens = {
        refreshSupport = true
      },
      symbol = {
        dynamicRegistration = false,
        symbolKind = {
          valueSet = { 1, 2, 3, 4, 5, 6, 7, 8, 9, 10, 11, 12, 13, 14, 15, 16, 17, 18, 19, 20, 21, 22, 23, 24, 25, 26 }
        }
      },
      workspaceEdit = {
        resourceOperations = { "rename", "create", "delete" }
      },
      workspaceFolders = true
    }
  },
  clientInfo = {
    name = "Neovim",
    version = "0.10.1"
  },
  initializationOptions = {},
  processId = 36031,
  rootPath = "/Users/en/.config/nvim",
  rootUri = "file:///Users/en/.config/nvim",
  trace = "off",
  workDoneToken = "1",
  workspaceFolders = { {
      name = "/Users/en/.config/nvim",
      uri = "file:///Users/en/.config/nvim"
    } }
}
[15:14:48.560][info] [#0:script/language.lua:137]: VSC language: nil
[15:14:48.560][info] [#0:script/language.lua:138]: LS  language: en-us
[15:14:48.560][info] [#0:script/workspace/workspace.lua:38]: Workspace init root: 	file:///Users/en/.config/nvim
[15:14:48.560][info] [#0:script/workspace/workspace.lua:42]: Log path: 	/Users/en/.local/share/nvim/mason/packages/lua-language-server/libexec/log/file_Users_en_.config_nvim.log
[15:14:48.561][info] [#0:script/workspace/workspace.lua:48]: Workspace create: 	file:///Users/en/.config/nvim
[15:14:48.882][warn] [#0:script/config/loader.lua:116]: No config?	{}
[15:14:48.987][warn] [#0:script/config/loader.lua:116]: No config?	{}
[15:14:48.988][info] [#0:script/provider/provider.lua:61]: Load config from client	fallback
[15:14:48.988][info] [#0:script/provider/provider.lua:62]: nil
[15:14:49.110][info] [#0:script/library.lua:212]: Init builtin library at:	file:///Users/en/.config/nvim
[15:14:49.128][info] [#0:script/library.lua:212]: Init builtin library at:	nil
[15:14:49.243][info] [#0:script/workspace/workspace.lua:324]: Preload start:	file:///Users/en/.config/nvim
[15:14:49.248][info] [#0:script/workspace/workspace.lua:330]: Scan files at:	file:///Users/en/.config/nvim
[15:14:49.250][info] [#0:script/workspace/workspace.lua:324]: Preload start:	<fallback>
[15:14:49.252][info] [#0:script/workspace/workspace.lua:353]: Scan library at:	file:///Users/en/.local/share/nvim/mason/packages/lua-language-server/libexec/meta/Lua%205.4%20en-us%20utf8/utf8.lua
[15:14:49.252][info] [#0:script/workspace/workspace.lua:353]: Scan library at:	file:///Users/en/.local/share/nvim/mason/packages/lua-language-server/libexec/meta/Lua%205.4%20en-us%20utf8/table.lua
[15:14:49.252][info] [#0:script/workspace/workspace.lua:353]: Scan library at:	file:///Users/en/.local/share/nvim/mason/packages/lua-language-server/libexec/meta/Lua%205.4%20en-us%20utf8/package.lua
[15:14:49.253][info] [#0:script/workspace/workspace.lua:353]: Scan library at:	file:///Users/en/.local/share/nvim/mason/packages/lua-language-server/libexec/meta/Lua%205.4%20en-us%20utf8/basic.lua
[15:14:49.253][info] [#0:script/workspace/workspace.lua:353]: Scan library at:	file:///Users/en/.local/share/nvim/mason/packages/lua-language-server/libexec/meta/Lua%205.4%20en-us%20utf8/os.lua
[15:14:49.253][info] [#0:script/workspace/workspace.lua:353]: Scan library at:	file:///Users/en/.local/share/nvim/mason/packages/lua-language-server/libexec/meta/Lua%205.4%20en-us%20utf8/io.lua
[15:14:49.253][info] [#0:script/workspace/workspace.lua:353]: Scan library at:	file:///Users/en/.local/share/nvim/mason/packages/lua-language-server/libexec/meta/Lua%205.4%20en-us%20utf8/string.lua
[15:14:49.253][info] [#0:script/workspace/workspace.lua:353]: Scan library at:	file:///Users/en/.local/share/nvim/mason/packages/lua-language-server/libexec/meta/Lua%205.4%20en-us%20utf8/math.lua
[15:14:49.254][info] [#0:script/workspace/workspace.lua:353]: Scan library at:	file:///Users/en/.local/share/nvim/mason/packages/lua-language-server/libexec/meta/Lua%205.4%20en-us%20utf8/debug.lua
[15:14:49.254][info] [#0:script/workspace/workspace.lua:353]: Scan library at:	file:///Users/en/.local/share/nvim/mason/packages/lua-language-server/libexec/meta/Lua%205.4%20en-us%20utf8/coroutine.lua
[15:14:49.254][info] [#0:script/workspace/workspace.lua:353]: Scan library at:	file:///Users/en/.local/share/nvim/mason/packages/lua-language-server/libexec/meta/Lua%205.4%20en-us%20utf8/builtin.lua
[15:14:49.254][info] [#0:script/workspace/workspace.lua:353]: Scan library at:	file:///Users/en/.local/share/nvim/mason/packages/lua-language-server/libexec/meta/Lua%205.4%20en-us%20utf8/utf8.lua
[15:14:49.254][info] [#0:script/workspace/workspace.lua:353]: Scan library at:	file:///Users/en/.local/share/nvim/mason/packages/lua-language-server/libexec/meta/Lua%205.4%20en-us%20utf8/table.lua
[15:14:49.255][info] [#0:script/workspace/workspace.lua:353]: Scan library at:	file:///Users/en/.local/share/nvim/mason/packages/lua-language-server/libexec/meta/Lua%205.4%20en-us%20utf8/package.lua
[15:14:49.255][info] [#0:script/workspace/workspace.lua:353]: Scan library at:	file:///Users/en/.local/share/nvim/mason/packages/lua-language-server/libexec/meta/Lua%205.4%20en-us%20utf8/basic.lua
[15:14:49.255][info] [#0:script/workspace/workspace.lua:353]: Scan library at:	file:///Users/en/.local/share/nvim/mason/packages/lua-language-server/libexec/meta/Lua%205.4%20en-us%20utf8/os.lua
[15:14:49.255][info] [#0:script/workspace/workspace.lua:353]: Scan library at:	file:///Users/en/.local/share/nvim/mason/packages/lua-language-server/libexec/meta/Lua%205.4%20en-us%20utf8/io.lua
[15:14:49.255][info] [#0:script/workspace/workspace.lua:353]: Scan library at:	file:///Users/en/.local/share/nvim/mason/packages/lua-language-server/libexec/meta/Lua%205.4%20en-us%20utf8/string.lua
[15:14:49.255][info] [#0:script/workspace/workspace.lua:353]: Scan library at:	file:///Users/en/.local/share/nvim/mason/packages/lua-language-server/libexec/meta/Lua%205.4%20en-us%20utf8/math.lua
[15:14:49.255][info] [#0:script/workspace/workspace.lua:353]: Scan library at:	file:///Users/en/.local/share/nvim/mason/packages/lua-language-server/libexec/meta/Lua%205.4%20en-us%20utf8/debug.lua
[15:14:49.255][info] [#0:script/workspace/workspace.lua:353]: Scan library at:	file:///Users/en/.local/share/nvim/mason/packages/lua-language-server/libexec/meta/Lua%205.4%20en-us%20utf8/coroutine.lua
[15:14:49.255][info] [#0:script/workspace/workspace.lua:353]: Scan library at:	file:///Users/en/.local/share/nvim/mason/packages/lua-language-server/libexec/meta/Lua%205.4%20en-us%20utf8/builtin.lua
[15:14:49.361][info] [#0:script/workspace/workspace.lua:379]: Found 11 files at:	<fallback>
[15:14:49.361][info] [#0:script/workspace/loading.lua:161]: Load files from disk:	<fallback>
[15:14:49.361][info] [#0:script/workspace/workspace.lua:379]: Found 28 files at:	file:///Users/en/.config/nvim
[15:14:49.361][info] [#0:script/workspace/loading.lua:161]: Load files from disk:	file:///Users/en/.config/nvim
[15:14:49.363][info] [#0:script/workspace/loading.lua:89]: Skip loaded file: file:///Users/en/.config/nvim/lua/core/lsp/init.lua
[15:14:49.466][info] [#0:script/workspace/loading.lua:101]: Preload file at: file:///Users/en/.local/share/nvim/mason/packages/lua-language-server/libexec/meta/Lua%205.4%20en-us%20utf8/builtin.lua , size = 0.302 KB
[15:14:49.468][info] [#0:script/workspace/loading.lua:113]: ++++As library of:	file:///Users/en/.local/share/nvim/mason/packages/lua-language-server/libexec/meta/Lua%205.4%20en-us%20utf8/builtin.lua
[15:14:49.468][info] [#0:script/workspace/loading.lua:98]: Skip loaded file: file:///Users/en/.local/share/nvim/mason/packages/lua-language-server/libexec/meta/Lua%205.4%20en-us%20utf8/builtin.lua
[15:14:49.468][info] [#0:script/workspace/loading.lua:101]: Preload file at: file:///Users/en/.local/share/nvim/mason/packages/lua-language-server/libexec/meta/Lua%205.4%20en-us%20utf8/coroutine.lua , size = 2.590 KB
[15:14:49.469][info] [#0:script/workspace/loading.lua:113]: ++++As library of:	file:///Users/en/.local/share/nvim/mason/packages/lua-language-server/libexec/meta/Lua%205.4%20en-us%20utf8/coroutine.lua
[15:14:49.469][info] [#0:script/workspace/loading.lua:98]: Skip loaded file: file:///Users/en/.local/share/nvim/mason/packages/lua-language-server/libexec/meta/Lua%205.4%20en-us%20utf8/coroutine.lua
[15:14:49.470][info] [#0:script/workspace/loading.lua:101]: Preload file at: file:///Users/en/.local/share/nvim/mason/packages/lua-language-server/libexec/meta/Lua%205.4%20en-us%20utf8/debug.lua , size = 7.637 KB
[15:14:49.477][info] [#0:script/workspace/loading.lua:113]: ++++As library of:	file:///Users/en/.local/share/nvim/mason/packages/lua-language-server/libexec/meta/Lua%205.4%20en-us%20utf8/debug.lua
[15:14:49.477][info] [#0:script/workspace/loading.lua:101]: Preload file at: file:///Users/en/.local/share/nvim/mason/packages/lua-language-server/libexec/meta/Lua%205.4%20en-us%20utf8/math.lua , size = 8.509 KB
[15:14:49.482][info] [#0:script/workspace/loading.lua:113]: ++++As library of:	file:///Users/en/.local/share/nvim/mason/packages/lua-language-server/libexec/meta/Lua%205.4%20en-us%20utf8/math.lua
[15:14:49.482][info] [#0:script/workspace/loading.lua:98]: Skip loaded file: file:///Users/en/.local/share/nvim/mason/packages/lua-language-server/libexec/meta/Lua%205.4%20en-us%20utf8/debug.lua
[15:14:49.482][info] [#0:script/workspace/loading.lua:98]: Skip loaded file: file:///Users/en/.local/share/nvim/mason/packages/lua-language-server/libexec/meta/Lua%205.4%20en-us%20utf8/math.lua
[15:14:49.482][info] [#0:script/workspace/loading.lua:101]: Preload file at: file:///Users/en/.local/share/nvim/mason/packages/lua-language-server/libexec/meta/Lua%205.4%20en-us%20utf8/string.lua , size = 6.327 KB
[15:14:49.486][info] [#0:script/workspace/loading.lua:113]: ++++As library of:	file:///Users/en/.local/share/nvim/mason/packages/lua-language-server/libexec/meta/Lua%205.4%20en-us%20utf8/string.lua
[15:14:49.486][info] [#0:script/workspace/loading.lua:98]: Skip loaded file: file:///Users/en/.local/share/nvim/mason/packages/lua-language-server/libexec/meta/Lua%205.4%20en-us%20utf8/string.lua
[15:14:49.486][info] [#0:script/workspace/loading.lua:101]: Preload file at: file:///Users/en/.local/share/nvim/mason/packages/lua-language-server/libexec/meta/Lua%205.4%20en-us%20utf8/io.lua , size = 6.364 KB
[15:14:49.491][info] [#0:script/workspace/loading.lua:113]: ++++As library of:	file:///Users/en/.local/share/nvim/mason/packages/lua-language-server/libexec/meta/Lua%205.4%20en-us%20utf8/io.lua
[15:14:49.491][info] [#0:script/workspace/loading.lua:101]: Preload file at: file:///Users/en/.local/share/nvim/mason/packages/lua-language-server/libexec/meta/Lua%205.4%20en-us%20utf8/os.lua , size = 5.600 KB
[15:14:49.493][info] [#0:script/workspace/loading.lua:113]: ++++As library of:	file:///Users/en/.local/share/nvim/mason/packages/lua-language-server/libexec/meta/Lua%205.4%20en-us%20utf8/os.lua
[15:14:49.493][info] [#0:script/workspace/loading.lua:98]: Skip loaded file: file:///Users/en/.local/share/nvim/mason/packages/lua-language-server/libexec/meta/Lua%205.4%20en-us%20utf8/os.lua
[15:14:49.494][info] [#0:script/workspace/loading.lua:98]: Skip loaded file: file:///Users/en/.local/share/nvim/mason/packages/lua-language-server/libexec/meta/Lua%205.4%20en-us%20utf8/io.lua
[15:14:49.494][info] [#0:script/workspace/loading.lua:101]: Preload file at: file:///Users/en/.local/share/nvim/mason/packages/lua-language-server/libexec/meta/Lua%205.4%20en-us%20utf8/basic.lua , size = 15.619 KB
[15:14:49.500][info] [#0:script/workspace/loading.lua:113]: ++++As library of:	file:///Users/en/.local/share/nvim/mason/packages/lua-language-server/libexec/meta/Lua%205.4%20en-us%20utf8/basic.lua
[15:14:49.500][info] [#0:script/workspace/loading.lua:98]: Skip loaded file: file:///Users/en/.local/share/nvim/mason/packages/lua-language-server/libexec/meta/Lua%205.4%20en-us%20utf8/basic.lua
[15:14:49.500][info] [#0:script/workspace/loading.lua:101]: Preload file at: file:///Users/en/.local/share/nvim/mason/packages/lua-language-server/libexec/meta/Lua%205.4%20en-us%20utf8/package.lua , size = 2.944 KB
[15:14:49.501][info] [#0:script/workspace/loading.lua:113]: ++++As library of:	file:///Users/en/.local/share/nvim/mason/packages/lua-language-server/libexec/meta/Lua%205.4%20en-us%20utf8/package.lua
[15:14:49.501][info] [#0:script/workspace/loading.lua:98]: Skip loaded file: file:///Users/en/.local/share/nvim/mason/packages/lua-language-server/libexec/meta/Lua%205.4%20en-us%20utf8/package.lua
[15:14:49.501][info] [#0:script/workspace/loading.lua:101]: Preload file at: file:///Users/en/.local/share/nvim/mason/packages/lua-language-server/libexec/meta/Lua%205.4%20en-us%20utf8/table.lua , size = 4.235 KB
[15:14:49.505][info] [#0:script/workspace/loading.lua:113]: ++++As library of:	file:///Users/en/.local/share/nvim/mason/packages/lua-language-server/libexec/meta/Lua%205.4%20en-us%20utf8/table.lua
[15:14:49.505][info] [#0:script/workspace/loading.lua:101]: Preload file at: file:///Users/en/.local/share/nvim/mason/packages/lua-language-server/libexec/meta/Lua%205.4%20en-us%20utf8/utf8.lua , size = 2.386 KB
[15:14:49.506][info] [#0:script/workspace/loading.lua:113]: ++++As library of:	file:///Users/en/.local/share/nvim/mason/packages/lua-language-server/libexec/meta/Lua%205.4%20en-us%20utf8/utf8.lua
[15:14:49.506][info] [#0:script/workspace/loading.lua:98]: Skip loaded file: file:///Users/en/.local/share/nvim/mason/packages/lua-language-server/libexec/meta/Lua%205.4%20en-us%20utf8/table.lua
[15:14:49.506][info] [#0:script/workspace/loading.lua:98]: Skip loaded file: file:///Users/en/.local/share/nvim/mason/packages/lua-language-server/libexec/meta/Lua%205.4%20en-us%20utf8/utf8.lua
[15:14:49.506][info] [#0:script/workspace/loading.lua:101]: Preload file at: file:///Users/en/.config/nvim/plugin/packer_compiled.lua , size = 10.165 KB
[15:14:49.509][info] [#0:script/workspace/loading.lua:101]: Preload file at: file:///Users/en/.config/nvim/init.lua , size = 0.067 KB
[15:14:49.509][info] [#0:script/workspace/loading.lua:101]: Preload file at: file:///Users/en/.config/nvim/lua/init.lua , size = 0.048 KB
[15:14:49.510][info] [#0:script/workspace/loading.lua:101]: Preload file at: file:///Users/en/.config/nvim/lua/core/plugins.lua , size = 3.158 KB
[15:14:49.511][info] [#0:script/workspace/loading.lua:101]: Preload file at: file:///Users/en/.config/nvim/lua/core/lsp/mason.lua , size = 0.989 KB
[15:14:49.511][info] [#0:script/workspace/loading.lua:101]: Preload file at: file:///Users/en/.config/nvim/lua/core/lsp/handler.lua , size = 3.958 KB
[15:14:49.513][info] [#0:script/workspace/loading.lua:101]: Preload file at: file:///Users/en/.config/nvim/lua/core/mappings.lua , size = 3.346 KB
[15:14:49.515][info] [#0:script/workspace/loading.lua:101]: Preload file at: file:///Users/en/.config/nvim/lua/core/set.lua , size = 0.945 KB
[15:14:49.516][info] [#0:script/workspace/loading.lua:101]: Preload file at: file:///Users/en/.config/nvim/after/plugin/colors.lua , size = 0.367 KB
[15:14:49.516][info] [#0:script/workspace/loading.lua:101]: Preload file at: file:///Users/en/.config/nvim/after/plugin/telescope.lua , size = 0.266 KB
[15:14:49.516][info] [#0:script/workspace/loading.lua:101]: Preload file at: file:///Users/en/.config/nvim/after/plugin/trouble.lua , size = 0.635 KB
[15:14:49.517][info] [#0:script/workspace/loading.lua:101]: Preload file at: file:///Users/en/.config/nvim/after/plugin/fugitive.lua , size = 0.047 KB
[15:14:49.517][info] [#0:script/workspace/loading.lua:101]: Preload file at: file:///Users/en/.config/nvim/after/plugin/cmp.lua , size = 3.405 KB
[15:14:49.518][info] [#0:script/workspace/loading.lua:101]: Preload file at: file:///Users/en/.config/nvim/after/plugin/treesitter.lua , size = 2.047 KB
[15:14:49.519][info] [#0:script/workspace/loading.lua:101]: Preload file at: file:///Users/en/.config/nvim/after/plugin/harpoon.lua , size = 0.410 KB
[15:14:49.519][info] [#0:script/workspace/loading.lua:101]: Preload file at: file:///Users/en/.config/nvim/after/plugin/undotree.lua , size = 0.111 KB
[15:14:49.624][info] [#0:script/workspace/loading.lua:173]: Loaded files takes [0.062] sec: <fallback>
[15:14:49.624][info] [#0:script/workspace/loading.lua:182]: Compile files takes [0.000] sec: <fallback>
[15:14:49.624][info] [#0:script/workspace/loading.lua:183]: Loaded finish:	<fallback>
[15:14:49.624][info] [#0:script/workspace/workspace.lua:381]: Preload finish at:	<fallback>
[15:14:49.627][info] [#0:script/workspace/loading.lua:173]: Loaded files takes [0.065] sec: file:///Users/en/.config/nvim
[15:14:49.627][info] [#0:script/workspace/loading.lua:182]: Compile files takes [0.000] sec: file:///Users/en/.config/nvim
[15:14:49.627][info] [#0:script/workspace/loading.lua:183]: Loaded finish:	file:///Users/en/.config/nvim
[15:14:49.627][info] [#0:script/workspace/workspace.lua:381]: Preload finish at:	file:///Users/en/.config/nvim
[15:14:49.633][info] [#0:script/provider/diagnostic.lua:560]: Diagnostics scope [file:///Users/en/.config/nvim], files count:[28]
[15:14:49.690][info] [#0:script/provider/diagnostic.lua:577]: Diagnostics scope [file:///Users/en/.config/nvim] finished, takes [0.054] sec.
[15:15:22.630][info] [#0:script/workspace/workspace.lua:284]: Scan files at:	file:///Users/en/.config/nvim/lua/core/lsp/handler.lua
[15:15:22.631][info] [#0:script/workspace/loading.lua:161]: Load files from disk:	file:///Users/en/.config/nvim/lua/core/lsp/handler.lua
[15:15:22.631][info] [#0:script/workspace/loading.lua:89]: Skip loaded file: file:///Users/en/.config/nvim/lua/core/lsp/handler.lua
[15:15:22.631][info] [#0:script/workspace/loading.lua:173]: Loaded files takes [0.000] sec: file:///Users/en/.config/nvim/lua/core/lsp/handler.lua
[15:15:22.631][info] [#0:script/workspace/loading.lua:182]: Compile files takes [0.000] sec: file:///Users/en/.config/nvim/lua/core/lsp/handler.lua
[15:15:22.631][info] [#0:script/workspace/loading.lua:183]: Loaded finish:	file:///Users/en/.config/nvim/lua/core/lsp/handler.lua
[15:16:05.850][info] [#0:script/provider/diagnostic.lua:560]: Diagnostics scope [file:///Users/en/.config/nvim], files count:[29]
[15:16:05.909][info] [#0:script/provider/diagnostic.lua:577]: Diagnostics scope [file:///Users/en/.config/nvim] finished, takes [0.058] sec.
[15:16:32.881][info] [#0:script/workspace/workspace.lua:284]: Scan files at:	file:///Users/en/.config/nvim/lua/core/lsp/null-ls.lua
[15:16:32.881][info] [#0:script/workspace/loading.lua:161]: Load files from disk:	file:///Users/en/.config/nvim/lua/core/lsp/null-ls.lua
[15:16:32.882][info] [#0:script/workspace/loading.lua:89]: Skip loaded file: file:///Users/en/.config/nvim/lua/core/lsp/null-ls.lua
[15:16:32.882][info] [#0:script/workspace/loading.lua:173]: Loaded files takes [0.000] sec: file:///Users/en/.config/nvim/lua/core/lsp/null-ls.lua
[15:16:32.882][info] [#0:script/workspace/loading.lua:182]: Compile files takes [0.000] sec: file:///Users/en/.config/nvim/lua/core/lsp/null-ls.lua
[15:16:32.882][info] [#0:script/workspace/loading.lua:183]: Loaded finish:	file:///Users/en/.config/nvim/lua/core/lsp/null-ls.lua
[15:16:35.576][info] [#0:script/provider/diagnostic.lua:560]: Diagnostics scope [file:///Users/en/.config/nvim], files count:[29]
[15:16:35.637][info] [#0:script/provider/diagnostic.lua:577]: Diagnostics scope [file:///Users/en/.config/nvim] finished, takes [0.061] sec.
[15:16:36.481][info] [#0:script/provider/provider.lua:169]: Server shutdown.
[15:16:36.481][warn] [#0:script/pub/report.lua:25]: Load proto error:	Disconnected!
